2016-03-20 12:59:20,778 [Worker-4] INFO  o.e.m.c.i.l.LifecycleMappingFactory - Using org.eclipse.m2e.jdt.JarLifecycleMapping lifecycle mapping for MavenProject: claisseheinenmono:RFID:1.0.1-SNAPSHOT @ C:\Users\Fox\workspace\RFID\claisseheinenmono\pom.xml.
2016-03-20 12:59:21,379 [Worker-4] INFO  o.e.m.j.i.AbstractJavaProjectConfigurator - Adding source folder /claisseheinenmono/src/main/java
2016-03-20 12:59:21,381 [Worker-4] INFO  o.e.m.j.i.AbstractJavaProjectConfigurator - Adding source folder /claisseheinenmono/src/test/java
2016-03-20 12:59:21,507 [Worker-4] INFO  o.e.m.c.i.p.ProjectConfigurationManager - Imported and configured 1 project(s) in 2 sec
2016-03-20 12:59:22,787 [Worker-18] INFO  o.e.m.c.i.embedder.EclipseLogger - Using 'UTF-8' encoding to copy filtered resources.
2016-03-20 12:59:22,788 [Worker-18] INFO  o.e.m.c.i.embedder.EclipseLogger - skip non existing resourceDirectory C:\Users\Fox\workspace\RFID\claisseheinenmono\src\main\resources
2016-03-20 12:59:22,790 [Worker-18] INFO  o.e.m.c.i.embedder.EclipseLogger - Using 'UTF-8' encoding to copy filtered resources.
2016-03-20 12:59:22,791 [Worker-18] INFO  o.e.m.c.i.embedder.EclipseLogger - skip non existing resourceDirectory C:\Users\Fox\workspace\RFID\claisseheinenmono\src\test\resources
2016-03-20 13:01:12,024 [Worker-16] INFO  o.e.m.c.i.embedder.EclipseLogger - Using 'UTF-8' encoding to copy filtered resources.
2016-03-20 13:01:12,025 [Worker-16] INFO  o.e.m.c.i.embedder.EclipseLogger - skip non existing resourceDirectory C:\Users\Fox\workspace\RFID\claisseheinenmono\src\main\resources
2016-03-20 13:01:12,026 [Worker-16] INFO  o.e.m.c.i.embedder.EclipseLogger - Using 'UTF-8' encoding to copy filtered resources.
2016-03-20 13:01:12,027 [Worker-16] INFO  o.e.m.c.i.embedder.EclipseLogger - skip non existing resourceDirectory C:\Users\Fox\workspace\RFID\claisseheinenmono\src\test\resources
2016-03-20 13:01:29,477 [Worker-23] INFO  o.e.m.c.i.embedder.EclipseLogger - Using 'UTF-8' encoding to copy filtered resources.
2016-03-20 13:01:29,477 [Worker-23] INFO  o.e.m.c.i.embedder.EclipseLogger - skip non existing resourceDirectory C:\Users\Fox\workspace\RFID\claisseheinenmono\src\main\resources
2016-03-20 13:01:29,479 [Worker-23] INFO  o.e.m.c.i.embedder.EclipseLogger - Using 'UTF-8' encoding to copy filtered resources.
2016-03-20 13:01:29,479 [Worker-23] INFO  o.e.m.c.i.embedder.EclipseLogger - skip non existing resourceDirectory C:\Users\Fox\workspace\RFID\claisseheinenmono\src\test\resources
2016-03-20 13:01:46,449 [Worker-19] INFO  o.e.m.c.i.embedder.EclipseLogger - Using 'UTF-8' encoding to copy filtered resources.
2016-03-20 13:01:46,449 [Worker-19] INFO  o.e.m.c.i.embedder.EclipseLogger - skip non existing resourceDirectory C:\Users\Fox\workspace\RFID\claisseheinenmono\src\main\resources
2016-03-20 13:01:46,450 [Worker-19] INFO  o.e.m.c.i.embedder.EclipseLogger - Using 'UTF-8' encoding to copy filtered resources.
2016-03-20 13:01:46,450 [Worker-19] INFO  o.e.m.c.i.embedder.EclipseLogger - skip non existing resourceDirectory C:\Users\Fox\workspace\RFID\claisseheinenmono\src\test\resources
2016-03-20 13:14:05,542 [Worker-27] INFO  o.e.m.c.i.embedder.EclipseLogger - Using 'UTF-8' encoding to copy filtered resources.
2016-03-20 13:14:05,542 [Worker-27] INFO  o.e.m.c.i.embedder.EclipseLogger - skip non existing resourceDirectory C:\Users\Fox\workspace\RFID\claisseheinenmono\src\main\resources
2016-03-20 13:14:05,543 [Worker-27] INFO  o.e.m.c.i.embedder.EclipseLogger - Using 'UTF-8' encoding to copy filtered resources.
2016-03-20 13:14:05,543 [Worker-27] INFO  o.e.m.c.i.embedder.EclipseLogger - skip non existing resourceDirectory C:\Users\Fox\workspace\RFID\claisseheinenmono\src\test\resources
2016-03-20 13:14:14,923 [Worker-16] INFO  o.e.m.c.i.embedder.EclipseLogger - Using 'UTF-8' encoding to copy filtered resources.
2016-03-20 13:14:14,923 [Worker-16] INFO  o.e.m.c.i.embedder.EclipseLogger - skip non existing resourceDirectory C:\Users\Fox\workspace\RFID\claisseheinenmono\src\main\resources
2016-03-20 13:14:14,924 [Worker-16] INFO  o.e.m.c.i.embedder.EclipseLogger - Using 'UTF-8' encoding to copy filtered resources.
2016-03-20 13:14:14,925 [Worker-16] INFO  o.e.m.c.i.embedder.EclipseLogger - skip non existing resourceDirectory C:\Users\Fox\workspace\RFID\claisseheinenmono\src\test\resources
2016-03-20 13:14:49,347 [Worker-16] INFO  o.e.m.c.i.embedder.EclipseLogger - Using 'UTF-8' encoding to copy filtered resources.
2016-03-20 13:14:49,347 [Worker-16] INFO  o.e.m.c.i.embedder.EclipseLogger - skip non existing resourceDirectory C:\Users\Fox\workspace\RFID\claisseheinenmono\src\main\resources
2016-03-20 13:14:49,350 [Worker-16] INFO  o.e.m.c.i.embedder.EclipseLogger - Using 'UTF-8' encoding to copy filtered resources.
2016-03-20 13:14:49,350 [Worker-16] INFO  o.e.m.c.i.embedder.EclipseLogger - skip non existing resourceDirectory C:\Users\Fox\workspace\RFID\claisseheinenmono\src\test\resources
2016-03-20 13:15:18,383 [Worker-19] INFO  o.e.m.c.i.embedder.EclipseLogger - Using 'UTF-8' encoding to copy filtered resources.
2016-03-20 13:15:18,383 [Worker-19] INFO  o.e.m.c.i.embedder.EclipseLogger - skip non existing resourceDirectory C:\Users\Fox\workspace\RFID\claisseheinenmono\src\main\resources
2016-03-20 13:15:18,385 [Worker-19] INFO  o.e.m.c.i.embedder.EclipseLogger - Using 'UTF-8' encoding to copy filtered resources.
2016-03-20 13:15:18,385 [Worker-19] INFO  o.e.m.c.i.embedder.EclipseLogger - skip non existing resourceDirectory C:\Users\Fox\workspace\RFID\claisseheinenmono\src\test\resources
2016-03-20 13:15:21,460 [Worker-19] INFO  o.e.m.c.i.embedder.EclipseLogger - Using 'UTF-8' encoding to copy filtered resources.
2016-03-20 13:15:21,460 [Worker-19] INFO  o.e.m.c.i.embedder.EclipseLogger - skip non existing resourceDirectory C:\Users\Fox\workspace\RFID\claisseheinenmono\src\main\resources
2016-03-20 13:15:21,461 [Worker-19] INFO  o.e.m.c.i.embedder.EclipseLogger - Using 'UTF-8' encoding to copy filtered resources.
2016-03-20 13:15:21,461 [Worker-19] INFO  o.e.m.c.i.embedder.EclipseLogger - skip non existing resourceDirectory C:\Users\Fox\workspace\RFID\claisseheinenmono\src\test\resources
2016-03-20 13:15:28,600 [Worker-32] INFO  o.e.m.c.i.embedder.EclipseLogger - Using 'UTF-8' encoding to copy filtered resources.
2016-03-20 13:15:28,600 [Worker-32] INFO  o.e.m.c.i.embedder.EclipseLogger - skip non existing resourceDirectory C:\Users\Fox\workspace\RFID\claisseheinenmono\src\main\resources
2016-03-20 13:15:28,601 [Worker-32] INFO  o.e.m.c.i.embedder.EclipseLogger - Using 'UTF-8' encoding to copy filtered resources.
2016-03-20 13:15:28,601 [Worker-32] INFO  o.e.m.c.i.embedder.EclipseLogger - skip non existing resourceDirectory C:\Users\Fox\workspace\RFID\claisseheinenmono\src\test\resources
2016-03-20 13:15:33,810 [Worker-24] INFO  o.e.m.c.i.embedder.EclipseLogger - Using 'UTF-8' encoding to copy filtered resources.
2016-03-20 13:15:33,811 [Worker-24] INFO  o.e.m.c.i.embedder.EclipseLogger - skip non existing resourceDirectory C:\Users\Fox\workspace\RFID\claisseheinenmono\src\main\resources
2016-03-20 13:15:33,813 [Worker-24] INFO  o.e.m.c.i.embedder.EclipseLogger - Using 'UTF-8' encoding to copy filtered resources.
2016-03-20 13:15:33,813 [Worker-24] INFO  o.e.m.c.i.embedder.EclipseLogger - skip non existing resourceDirectory C:\Users\Fox\workspace\RFID\claisseheinenmono\src\test\resources
2016-03-20 13:15:58,344 [Worker-32] INFO  o.e.m.c.i.embedder.EclipseLogger - Using 'UTF-8' encoding to copy filtered resources.
2016-03-20 13:15:58,344 [Worker-32] INFO  o.e.m.c.i.embedder.EclipseLogger - skip non existing resourceDirectory C:\Users\Fox\workspace\RFID\claisseheinenmono\src\main\resources
2016-03-20 13:15:58,344 [Worker-32] INFO  o.e.m.c.i.embedder.EclipseLogger - Using 'UTF-8' encoding to copy filtered resources.
2016-03-20 13:15:58,344 [Worker-32] INFO  o.e.m.c.i.embedder.EclipseLogger - skip non existing resourceDirectory C:\Users\Fox\workspace\RFID\claisseheinenmono\src\test\resources
2016-03-20 13:16:22,753 [Worker-30] INFO  o.e.m.c.i.embedder.EclipseLogger - Using 'UTF-8' encoding to copy filtered resources.
2016-03-20 13:16:22,753 [Worker-30] INFO  o.e.m.c.i.embedder.EclipseLogger - skip non existing resourceDirectory C:\Users\Fox\workspace\RFID\claisseheinenmono\src\main\resources
2016-03-20 13:16:22,754 [Worker-30] INFO  o.e.m.c.i.embedder.EclipseLogger - Using 'UTF-8' encoding to copy filtered resources.
2016-03-20 13:16:22,754 [Worker-30] INFO  o.e.m.c.i.embedder.EclipseLogger - skip non existing resourceDirectory C:\Users\Fox\workspace\RFID\claisseheinenmono\src\test\resources
2016-03-20 13:17:42,689 [Worker-19] INFO  o.e.m.c.i.embedder.EclipseLogger - Using 'UTF-8' encoding to copy filtered resources.
2016-03-20 13:17:42,689 [Worker-19] INFO  o.e.m.c.i.embedder.EclipseLogger - skip non existing resourceDirectory C:\Users\Fox\workspace\RFID\claisseheinenmono\src\main\resources
2016-03-20 13:17:42,690 [Worker-19] INFO  o.e.m.c.i.embedder.EclipseLogger - Using 'UTF-8' encoding to copy filtered resources.
2016-03-20 13:17:42,690 [Worker-19] INFO  o.e.m.c.i.embedder.EclipseLogger - skip non existing resourceDirectory C:\Users\Fox\workspace\RFID\claisseheinenmono\src\test\resources
2016-03-20 13:17:45,300 [Worker-24] INFO  o.e.m.c.i.embedder.EclipseLogger - Using 'UTF-8' encoding to copy filtered resources.
2016-03-20 13:17:45,300 [Worker-24] INFO  o.e.m.c.i.embedder.EclipseLogger - skip non existing resourceDirectory C:\Users\Fox\workspace\RFID\claisseheinenmono\src\main\resources
2016-03-20 13:17:45,301 [Worker-24] INFO  o.e.m.c.i.embedder.EclipseLogger - Using 'UTF-8' encoding to copy filtered resources.
2016-03-20 13:17:45,301 [Worker-24] INFO  o.e.m.c.i.embedder.EclipseLogger - skip non existing resourceDirectory C:\Users\Fox\workspace\RFID\claisseheinenmono\src\test\resources
2016-03-20 14:00:22,294 [main] INFO  o.e.m2e.actions.ExecutePomAction - Creating new launch configuration
2016-03-20 14:00:31,530 [main] INFO  o.e.m2e.actions.ExecutePomAction - Using existing launch configuration
2016-03-20 14:03:06,780 [Worker-29] INFO  o.e.m.c.i.embedder.EclipseLogger - Using 'UTF-8' encoding to copy filtered resources.
2016-03-20 14:03:06,780 [Worker-29] INFO  o.e.m.c.i.embedder.EclipseLogger - skip non existing resourceDirectory C:\Users\Fox\workspace\RFID\claisseheinenmono\src\main\resources
2016-03-20 14:03:06,781 [Worker-29] INFO  o.e.m.c.i.embedder.EclipseLogger - Using 'UTF-8' encoding to copy filtered resources.
2016-03-20 14:03:06,782 [Worker-29] INFO  o.e.m.c.i.embedder.EclipseLogger - skip non existing resourceDirectory C:\Users\Fox\workspace\RFID\claisseheinenmono\src\test\resources
2016-03-20 14:03:07,855 [Worker-33] INFO  o.e.m.c.i.embedder.EclipseLogger - Using 'UTF-8' encoding to copy filtered resources.
2016-03-20 14:03:07,855 [Worker-33] INFO  o.e.m.c.i.embedder.EclipseLogger - skip non existing resourceDirectory C:\Users\Fox\workspace\RFID\claisseheinenmono\src\main\resources
2016-03-20 14:03:07,856 [Worker-33] INFO  o.e.m.c.i.embedder.EclipseLogger - Using 'UTF-8' encoding to copy filtered resources.
2016-03-20 14:03:07,856 [Worker-33] INFO  o.e.m.c.i.embedder.EclipseLogger - skip non existing resourceDirectory C:\Users\Fox\workspace\RFID\claisseheinenmono\src\test\resources
2016-03-20 14:03:09,877 [Worker-16] INFO  o.e.m.c.i.embedder.EclipseLogger - Using 'UTF-8' encoding to copy filtered resources.
2016-03-20 14:03:09,877 [Worker-16] INFO  o.e.m.c.i.embedder.EclipseLogger - skip non existing resourceDirectory C:\Users\Fox\workspace\RFID\claisseheinenmono\src\main\resources
2016-03-20 14:03:09,879 [Worker-16] INFO  o.e.m.c.i.embedder.EclipseLogger - Using 'UTF-8' encoding to copy filtered resources.
2016-03-20 14:03:09,879 [Worker-16] INFO  o.e.m.c.i.embedder.EclipseLogger - skip non existing resourceDirectory C:\Users\Fox\workspace\RFID\claisseheinenmono\src\test\resources
2016-03-20 14:03:13,148 [Worker-31] INFO  o.e.m.c.i.embedder.EclipseLogger - Using 'UTF-8' encoding to copy filtered resources.
2016-03-20 14:03:13,148 [Worker-31] INFO  o.e.m.c.i.embedder.EclipseLogger - skip non existing resourceDirectory C:\Users\Fox\workspace\RFID\claisseheinenmono\src\main\resources
2016-03-20 14:03:13,149 [Worker-31] INFO  o.e.m.c.i.embedder.EclipseLogger - Using 'UTF-8' encoding to copy filtered resources.
2016-03-20 14:03:13,149 [Worker-31] INFO  o.e.m.c.i.embedder.EclipseLogger - skip non existing resourceDirectory C:\Users\Fox\workspace\RFID\claisseheinenmono\src\test\resources
2016-03-20 14:03:15,174 [Worker-34] INFO  o.e.m.c.i.embedder.EclipseLogger - Using 'UTF-8' encoding to copy filtered resources.
2016-03-20 14:03:15,174 [Worker-34] INFO  o.e.m.c.i.embedder.EclipseLogger - skip non existing resourceDirectory C:\Users\Fox\workspace\RFID\claisseheinenmono\src\main\resources
2016-03-20 14:03:15,176 [Worker-34] INFO  o.e.m.c.i.embedder.EclipseLogger - Using 'UTF-8' encoding to copy filtered resources.
2016-03-20 14:03:15,176 [Worker-34] INFO  o.e.m.c.i.embedder.EclipseLogger - skip non existing resourceDirectory C:\Users\Fox\workspace\RFID\claisseheinenmono\src\test\resources
2016-03-20 14:03:17,454 [Worker-16] INFO  o.e.m.c.i.embedder.EclipseLogger - Using 'UTF-8' encoding to copy filtered resources.
2016-03-20 14:03:17,454 [Worker-16] INFO  o.e.m.c.i.embedder.EclipseLogger - skip non existing resourceDirectory C:\Users\Fox\workspace\RFID\claisseheinenmono\src\main\resources
2016-03-20 14:03:17,456 [Worker-16] INFO  o.e.m.c.i.embedder.EclipseLogger - Using 'UTF-8' encoding to copy filtered resources.
2016-03-20 14:03:17,457 [Worker-16] INFO  o.e.m.c.i.embedder.EclipseLogger - skip non existing resourceDirectory C:\Users\Fox\workspace\RFID\claisseheinenmono\src\test\resources
2016-03-20 14:04:50,516 [main] INFO  o.e.m2e.actions.ExecutePomAction - Using existing launch configuration
2016-03-20 14:05:00,178 [Worker-31] INFO  o.e.m.i.launch.MavenLaunchDelegate - C:\Users\Fox\workspace\RFID\claisseheinenmono
2016-03-20 14:05:00,179 [Worker-31] INFO  o.e.m.i.launch.MavenLaunchDelegate -  mvn  -B install -D jetty.port=9999 jetty:run
2016-03-20 14:05:38,708 [Worker-38] INFO  o.e.m.c.i.embedder.EclipseLogger - Using 'UTF-8' encoding to copy filtered resources.
2016-03-20 14:05:38,715 [Worker-38] INFO  o.e.m.c.i.embedder.EclipseLogger - Copying 0 resource
2016-03-20 14:05:38,717 [Worker-38] INFO  o.e.m.c.i.embedder.EclipseLogger - Using 'UTF-8' encoding to copy filtered resources.
2016-03-20 14:05:38,718 [Worker-38] INFO  o.e.m.c.i.embedder.EclipseLogger - skip non existing resourceDirectory C:\Users\Fox\workspace\RFID\claisseheinenmono\src\test\resources
2016-03-20 14:05:52,686 [Worker-38] INFO  o.e.m.c.i.embedder.EclipseLogger - Using 'UTF-8' encoding to copy filtered resources.
2016-03-20 14:05:52,689 [Worker-38] INFO  o.e.m.c.i.embedder.EclipseLogger - Copying 0 resource
2016-03-20 14:05:52,691 [Worker-38] INFO  o.e.m.c.i.embedder.EclipseLogger - Using 'UTF-8' encoding to copy filtered resources.
2016-03-20 14:05:52,692 [Worker-38] INFO  o.e.m.c.i.embedder.EclipseLogger - skip non existing resourceDirectory C:\Users\Fox\workspace\RFID\claisseheinenmono\src\test\resources
2016-03-20 14:06:35,853 [Worker-35] INFO  o.e.m.c.i.embedder.EclipseLogger - Using 'UTF-8' encoding to copy filtered resources.
2016-03-20 14:06:35,853 [Worker-35] INFO  o.e.m.c.i.embedder.EclipseLogger - Copying 0 resource
2016-03-20 14:06:35,854 [Worker-35] INFO  o.e.m.c.i.embedder.EclipseLogger - Using 'UTF-8' encoding to copy filtered resources.
2016-03-20 14:06:35,854 [Worker-35] INFO  o.e.m.c.i.embedder.EclipseLogger - skip non existing resourceDirectory C:\Users\Fox\workspace\RFID\claisseheinenmono\src\test\resources
2016-03-20 14:07:30,625 [Worker-31] INFO  o.e.m.c.i.embedder.EclipseLogger - Using 'UTF-8' encoding to copy filtered resources.
2016-03-20 14:07:30,626 [Worker-31] INFO  o.e.m.c.i.embedder.EclipseLogger - Copying 1 resource
2016-03-20 14:07:30,637 [Worker-31] INFO  o.e.m.c.i.embedder.EclipseLogger - Using 'UTF-8' encoding to copy filtered resources.
2016-03-20 14:07:30,637 [Worker-31] INFO  o.e.m.c.i.embedder.EclipseLogger - skip non existing resourceDirectory C:\Users\Fox\workspace\RFID\claisseheinenmono\src\test\resources
2016-03-20 14:09:36,651 [main] INFO  o.e.m2e.actions.ExecutePomAction - Using existing launch configuration
2016-03-20 14:09:36,689 [Worker-31] INFO  o.e.m.i.launch.MavenLaunchDelegate - C:\Users\Fox\workspace\RFID\claisseheinenmono
2016-03-20 14:09:36,689 [Worker-31] INFO  o.e.m.i.launch.MavenLaunchDelegate -  mvn  -B install -D jetty.port=9999 jetty:run
2016-03-20 14:10:50,622 [Worker-35] INFO  o.e.m.c.i.embedder.EclipseLogger - Using 'UTF-8' encoding to copy filtered resources.
2016-03-20 14:10:50,622 [Worker-35] INFO  o.e.m.c.i.embedder.EclipseLogger - Copying 0 resource
2016-03-20 14:10:50,623 [Worker-35] INFO  o.e.m.c.i.embedder.EclipseLogger - Using 'UTF-8' encoding to copy filtered resources.
2016-03-20 14:10:50,624 [Worker-35] INFO  o.e.m.c.i.embedder.EclipseLogger - skip non existing resourceDirectory C:\Users\Fox\workspace\RFID\claisseheinenmono\src\test\resources
2016-03-20 14:10:55,307 [main] INFO  o.e.m2e.actions.ExecutePomAction - Using existing launch configuration
2016-03-20 14:10:55,317 [Worker-36] INFO  o.e.m.i.launch.MavenLaunchDelegate - C:\Users\Fox\workspace\RFID\claisseheinenmono
2016-03-20 14:10:55,317 [Worker-36] INFO  o.e.m.i.launch.MavenLaunchDelegate -  mvn  -B install -D jetty.port=9999 jetty:run
2016-03-20 14:13:54,922 [Worker-36] INFO  o.e.m.c.i.embedder.EclipseLogger - Using 'UTF-8' encoding to copy filtered resources.
2016-03-20 14:13:54,923 [Worker-36] INFO  o.e.m.c.i.embedder.EclipseLogger - Copying 0 resource
2016-03-20 14:13:54,924 [Worker-36] INFO  o.e.m.c.i.embedder.EclipseLogger - Using 'UTF-8' encoding to copy filtered resources.
2016-03-20 14:13:54,924 [Worker-36] INFO  o.e.m.c.i.embedder.EclipseLogger - skip non existing resourceDirectory C:\Users\Fox\workspace\RFID\claisseheinenmono\src\test\resources
2016-03-20 14:14:01,820 [Worker-36] INFO  o.e.m.c.i.embedder.EclipseLogger - Using 'UTF-8' encoding to copy filtered resources.
2016-03-20 14:14:01,820 [Worker-36] INFO  o.e.m.c.i.embedder.EclipseLogger - Copying 0 resource
2016-03-20 14:14:01,821 [Worker-36] INFO  o.e.m.c.i.embedder.EclipseLogger - Using 'UTF-8' encoding to copy filtered resources.
2016-03-20 14:14:01,821 [Worker-36] INFO  o.e.m.c.i.embedder.EclipseLogger - skip non existing resourceDirectory C:\Users\Fox\workspace\RFID\claisseheinenmono\src\test\resources
2016-03-20 14:14:07,339 [Worker-35] INFO  o.e.m.i.launch.MavenLaunchDelegate - C:\Users\Fox\workspace\RFID\claisseheinenmono
2016-03-20 14:14:07,340 [Worker-35] INFO  o.e.m.i.launch.MavenLaunchDelegate -  mvn  -B install -D jetty.port=9999 jetty:run
2016-03-20 14:14:36,317 [Worker-31] INFO  o.e.m.c.i.embedder.EclipseLogger - Using 'UTF-8' encoding to copy filtered resources.
2016-03-20 14:14:36,317 [Worker-31] INFO  o.e.m.c.i.embedder.EclipseLogger - Copying 0 resource
2016-03-20 14:14:36,318 [Worker-31] INFO  o.e.m.c.i.embedder.EclipseLogger - Using 'UTF-8' encoding to copy filtered resources.
2016-03-20 14:14:36,318 [Worker-31] INFO  o.e.m.c.i.embedder.EclipseLogger - skip non existing resourceDirectory C:\Users\Fox\workspace\RFID\claisseheinenmono\src\test\resources
2016-03-20 14:14:46,270 [Worker-36] INFO  o.e.m.c.i.embedder.EclipseLogger - Using 'UTF-8' encoding to copy filtered resources.
2016-03-20 14:14:46,270 [Worker-36] INFO  o.e.m.c.i.embedder.EclipseLogger - Copying 0 resource
2016-03-20 14:14:46,271 [Worker-36] INFO  o.e.m.c.i.embedder.EclipseLogger - Using 'UTF-8' encoding to copy filtered resources.
2016-03-20 14:14:46,271 [Worker-36] INFO  o.e.m.c.i.embedder.EclipseLogger - skip non existing resourceDirectory C:\Users\Fox\workspace\RFID\claisseheinenmono\src\test\resources
2016-03-20 14:14:50,612 [Worker-38] INFO  o.e.m.i.launch.MavenLaunchDelegate - C:\Users\Fox\workspace\RFID\claisseheinenmono
2016-03-20 14:14:50,612 [Worker-38] INFO  o.e.m.i.launch.MavenLaunchDelegate -  mvn  -B install -D jetty.port=9999 jetty:run
2016-03-20 14:15:14,157 [Worker-41] INFO  o.e.m.c.i.embedder.EclipseLogger - Using 'UTF-8' encoding to copy filtered resources.
2016-03-20 14:15:14,157 [Worker-41] INFO  o.e.m.c.i.embedder.EclipseLogger - Copying 0 resource
2016-03-20 14:15:14,159 [Worker-41] INFO  o.e.m.c.i.embedder.EclipseLogger - Using 'UTF-8' encoding to copy filtered resources.
2016-03-20 14:15:14,160 [Worker-41] INFO  o.e.m.c.i.embedder.EclipseLogger - skip non existing resourceDirectory C:\Users\Fox\workspace\RFID\claisseheinenmono\src\test\resources
2016-03-20 14:15:23,067 [Worker-36] INFO  o.e.m.c.i.embedder.EclipseLogger - Using 'UTF-8' encoding to copy filtered resources.
2016-03-20 14:15:23,068 [Worker-36] INFO  o.e.m.c.i.embedder.EclipseLogger - Copying 0 resource
2016-03-20 14:15:23,070 [Worker-36] INFO  o.e.m.c.i.embedder.EclipseLogger - Using 'UTF-8' encoding to copy filtered resources.
2016-03-20 14:15:23,070 [Worker-36] INFO  o.e.m.c.i.embedder.EclipseLogger - skip non existing resourceDirectory C:\Users\Fox\workspace\RFID\claisseheinenmono\src\test\resources
2016-03-20 14:15:36,047 [Worker-31] INFO  o.e.m.c.i.embedder.EclipseLogger - Using 'UTF-8' encoding to copy filtered resources.
2016-03-20 14:15:36,047 [Worker-31] INFO  o.e.m.c.i.embedder.EclipseLogger - Copying 0 resource
2016-03-20 14:15:36,048 [Worker-31] INFO  o.e.m.c.i.embedder.EclipseLogger - Using 'UTF-8' encoding to copy filtered resources.
2016-03-20 14:15:36,048 [Worker-31] INFO  o.e.m.c.i.embedder.EclipseLogger - skip non existing resourceDirectory C:\Users\Fox\workspace\RFID\claisseheinenmono\src\test\resources
2016-03-20 14:15:48,168 [Worker-38] INFO  o.e.m.c.i.embedder.EclipseLogger - Using 'UTF-8' encoding to copy filtered resources.
2016-03-20 14:15:48,169 [Worker-38] INFO  o.e.m.c.i.embedder.EclipseLogger - Copying 0 resource
2016-03-20 14:15:48,170 [Worker-38] INFO  o.e.m.c.i.embedder.EclipseLogger - Using 'UTF-8' encoding to copy filtered resources.
2016-03-20 14:15:48,170 [Worker-38] INFO  o.e.m.c.i.embedder.EclipseLogger - skip non existing resourceDirectory C:\Users\Fox\workspace\RFID\claisseheinenmono\src\test\resources
2016-03-20 14:16:00,548 [Worker-34] INFO  o.e.m.i.launch.MavenLaunchDelegate - C:\Users\Fox\workspace\RFID\claisseheinenmono
2016-03-20 14:16:00,549 [Worker-34] INFO  o.e.m.i.launch.MavenLaunchDelegate -  mvn  -B install -D jetty.port=9999 jetty:run
2016-03-20 14:16:37,882 [Worker-36] INFO  o.e.m.c.i.embedder.EclipseLogger - Using 'UTF-8' encoding to copy filtered resources.
2016-03-20 14:16:37,882 [Worker-36] INFO  o.e.m.c.i.embedder.EclipseLogger - Copying 0 resource
2016-03-20 14:16:37,883 [Worker-36] INFO  o.e.m.c.i.embedder.EclipseLogger - Using 'UTF-8' encoding to copy filtered resources.
2016-03-20 14:16:37,883 [Worker-36] INFO  o.e.m.c.i.embedder.EclipseLogger - skip non existing resourceDirectory C:\Users\Fox\workspace\RFID\claisseheinenmono\src\test\resources
2016-03-20 14:16:40,446 [Worker-34] INFO  o.e.m.c.i.embedder.EclipseLogger - Using 'UTF-8' encoding to copy filtered resources.
2016-03-20 14:16:40,447 [Worker-34] INFO  o.e.m.c.i.embedder.EclipseLogger - Copying 0 resource
2016-03-20 14:16:40,448 [Worker-34] INFO  o.e.m.c.i.embedder.EclipseLogger - Using 'UTF-8' encoding to copy filtered resources.
2016-03-20 14:16:40,448 [Worker-34] INFO  o.e.m.c.i.embedder.EclipseLogger - skip non existing resourceDirectory C:\Users\Fox\workspace\RFID\claisseheinenmono\src\test\resources
2016-03-20 14:16:47,901 [Worker-41] INFO  o.e.m.i.launch.MavenLaunchDelegate - C:\Users\Fox\workspace\RFID\claisseheinenmono
2016-03-20 14:16:47,901 [Worker-41] INFO  o.e.m.i.launch.MavenLaunchDelegate -  mvn  -B install -D jetty.port=9999 jetty:run
2016-03-20 14:17:47,976 [Worker-31] INFO  o.e.m.c.i.embedder.EclipseLogger - Using 'UTF-8' encoding to copy filtered resources.
2016-03-20 14:17:47,977 [Worker-31] INFO  o.e.m.c.i.embedder.EclipseLogger - Copying 0 resource
2016-03-20 14:17:47,978 [Worker-31] INFO  o.e.m.c.i.embedder.EclipseLogger - Using 'UTF-8' encoding to copy filtered resources.
2016-03-20 14:17:47,978 [Worker-31] INFO  o.e.m.c.i.embedder.EclipseLogger - skip non existing resourceDirectory C:\Users\Fox\workspace\RFID\claisseheinenmono\src\test\resources
2016-03-20 14:17:52,079 [Worker-38] INFO  o.e.m.i.launch.MavenLaunchDelegate - C:\Users\Fox\workspace\RFID\claisseheinenmono
2016-03-20 14:17:52,080 [Worker-38] INFO  o.e.m.i.launch.MavenLaunchDelegate -  mvn  -B install -D jetty.port=9999 jetty:run
2016-03-20 14:18:23,914 [Worker-35] INFO  o.e.m.c.i.embedder.EclipseLogger - Using 'UTF-8' encoding to copy filtered resources.
2016-03-20 14:18:23,914 [Worker-35] INFO  o.e.m.c.i.embedder.EclipseLogger - Copying 0 resource
2016-03-20 14:18:23,915 [Worker-35] INFO  o.e.m.c.i.embedder.EclipseLogger - Using 'UTF-8' encoding to copy filtered resources.
2016-03-20 14:18:23,915 [Worker-35] INFO  o.e.m.c.i.embedder.EclipseLogger - skip non existing resourceDirectory C:\Users\Fox\workspace\RFID\claisseheinenmono\src\test\resources
2016-03-20 14:18:30,391 [Worker-29] INFO  o.e.m.i.launch.MavenLaunchDelegate - C:\Users\Fox\workspace\RFID\claisseheinenmono
2016-03-20 14:18:30,391 [Worker-29] INFO  o.e.m.i.launch.MavenLaunchDelegate -  mvn  -B install
2016-03-20 14:18:33,348 [Worker-38] INFO  o.e.m.c.i.embedder.EclipseLogger - Using 'UTF-8' encoding to copy filtered resources.
2016-03-20 14:18:33,349 [Worker-38] INFO  o.e.m.c.i.embedder.EclipseLogger - Copying 1 resource
2016-03-20 14:18:33,350 [Worker-38] INFO  o.e.m.c.i.embedder.EclipseLogger - Using 'UTF-8' encoding to copy filtered resources.
2016-03-20 14:18:33,351 [Worker-38] INFO  o.e.m.c.i.embedder.EclipseLogger - skip non existing resourceDirectory C:\Users\Fox\workspace\RFID\claisseheinenmono\src\test\resources
2016-03-20 14:19:02,461 [Worker-39] INFO  o.e.m.i.launch.MavenLaunchDelegate - C:\Users\Fox\workspace\RFID\claisseheinenmono
2016-03-20 14:19:02,461 [Worker-39] INFO  o.e.m.i.launch.MavenLaunchDelegate -  mvn  -B install -D jetty.port=9999 jetty:run
2016-03-20 14:22:24,567 [Worker-31] INFO  o.e.m.c.i.embedder.EclipseLogger - Using 'UTF-8' encoding to copy filtered resources.
2016-03-20 14:22:24,567 [Worker-31] INFO  o.e.m.c.i.embedder.EclipseLogger - Copying 0 resource
2016-03-20 14:22:24,567 [Worker-31] INFO  o.e.m.c.i.embedder.EclipseLogger - Using 'UTF-8' encoding to copy filtered resources.
2016-03-20 14:22:24,568 [Worker-31] INFO  o.e.m.c.i.embedder.EclipseLogger - skip non existing resourceDirectory C:\Users\Fox\workspace\RFID\claisseheinenmono\src\test\resources
2016-03-20 14:23:30,817 [Worker-16] INFO  o.e.m.c.i.embedder.EclipseLogger - Using 'UTF-8' encoding to copy filtered resources.
2016-03-20 14:23:30,817 [Worker-16] INFO  o.e.m.c.i.embedder.EclipseLogger - Copying 0 resource
2016-03-20 14:23:30,818 [Worker-16] INFO  o.e.m.c.i.embedder.EclipseLogger - Using 'UTF-8' encoding to copy filtered resources.
2016-03-20 14:23:30,818 [Worker-16] INFO  o.e.m.c.i.embedder.EclipseLogger - skip non existing resourceDirectory C:\Users\Fox\workspace\RFID\claisseheinenmono\src\test\resources
2016-03-20 14:23:34,514 [Worker-41] INFO  o.e.m.i.launch.MavenLaunchDelegate - C:\Users\Fox\workspace\RFID\claisseheinenmono
2016-03-20 14:23:34,514 [Worker-41] INFO  o.e.m.i.launch.MavenLaunchDelegate -  mvn  -B install -D jetty.port=9999 jetty:run
2016-03-20 14:24:08,544 [Worker-44] INFO  o.e.m.c.i.embedder.EclipseLogger - Using 'UTF-8' encoding to copy filtered resources.
2016-03-20 14:24:08,544 [Worker-44] INFO  o.e.m.c.i.embedder.EclipseLogger - Copying 0 resource
2016-03-20 14:24:08,545 [Worker-44] INFO  o.e.m.c.i.embedder.EclipseLogger - Using 'UTF-8' encoding to copy filtered resources.
2016-03-20 14:24:08,545 [Worker-44] INFO  o.e.m.c.i.embedder.EclipseLogger - skip non existing resourceDirectory C:\Users\Fox\workspace\RFID\claisseheinenmono\src\test\resources
2016-03-20 14:25:37,371 [Worker-43] INFO  o.e.m.c.i.embedder.EclipseLogger - Using 'UTF-8' encoding to copy filtered resources.
2016-03-20 14:25:37,371 [Worker-43] INFO  o.e.m.c.i.embedder.EclipseLogger - Copying 0 resource
2016-03-20 14:25:37,372 [Worker-43] INFO  o.e.m.c.i.embedder.EclipseLogger - Using 'UTF-8' encoding to copy filtered resources.
2016-03-20 14:25:37,372 [Worker-43] INFO  o.e.m.c.i.embedder.EclipseLogger - skip non existing resourceDirectory C:\Users\Fox\workspace\RFID\claisseheinenmono\src\test\resources
2016-03-20 14:25:39,559 [Worker-16] INFO  o.e.m.c.i.embedder.EclipseLogger - Using 'UTF-8' encoding to copy filtered resources.
2016-03-20 14:25:39,560 [Worker-16] INFO  o.e.m.c.i.embedder.EclipseLogger - Copying 0 resource
2016-03-20 14:25:39,561 [Worker-16] INFO  o.e.m.c.i.embedder.EclipseLogger - Using 'UTF-8' encoding to copy filtered resources.
2016-03-20 14:25:39,561 [Worker-16] INFO  o.e.m.c.i.embedder.EclipseLogger - skip non existing resourceDirectory C:\Users\Fox\workspace\RFID\claisseheinenmono\src\test\resources
2016-03-20 14:25:42,570 [Worker-41] INFO  o.e.m.i.launch.MavenLaunchDelegate - C:\Users\Fox\workspace\RFID\claisseheinenmono
2016-03-20 14:25:42,570 [Worker-41] INFO  o.e.m.i.launch.MavenLaunchDelegate -  mvn  -B install -D jetty.port=9999 jetty:run
2016-03-20 14:31:51,582 [Worker-38] INFO  o.e.m.c.i.embedder.EclipseLogger - Using 'UTF-8' encoding to copy filtered resources.
2016-03-20 14:31:51,582 [Worker-38] INFO  o.e.m.c.i.embedder.EclipseLogger - Copying 0 resource
2016-03-20 14:31:51,583 [Worker-38] INFO  o.e.m.c.i.embedder.EclipseLogger - Using 'UTF-8' encoding to copy filtered resources.
2016-03-20 14:31:51,583 [Worker-38] INFO  o.e.m.c.i.embedder.EclipseLogger - skip non existing resourceDirectory C:\Users\Fox\workspace\RFID\claisseheinenmono\src\test\resources
2016-03-20 14:33:45,544 [Worker-38] INFO  o.e.m.i.launch.MavenLaunchDelegate - C:\Users\Fox\workspace\RFID\claisseheinenmono
2016-03-20 14:33:45,544 [Worker-38] INFO  o.e.m.i.launch.MavenLaunchDelegate -  mvn  -B install -D jetty.port=9999 jetty:run
2016-03-20 14:35:29,559 [Worker-16] INFO  o.e.m.i.launch.MavenLaunchDelegate - C:\Users\Fox\workspace\RFID\claisseheinenmono
2016-03-20 14:35:29,560 [Worker-16] INFO  o.e.m.i.launch.MavenLaunchDelegate -  mvn  -B install -D jetty.port=9999 jetty:run
2016-03-20 14:36:22,563 [Worker-41] INFO  o.e.m.c.i.embedder.EclipseLogger - Using 'UTF-8' encoding to copy filtered resources.
2016-03-20 14:36:22,563 [Worker-41] INFO  o.e.m.c.i.embedder.EclipseLogger - Copying 0 resource
2016-03-20 14:36:22,564 [Worker-41] INFO  o.e.m.c.i.embedder.EclipseLogger - Using 'UTF-8' encoding to copy filtered resources.
2016-03-20 14:36:22,564 [Worker-41] INFO  o.e.m.c.i.embedder.EclipseLogger - skip non existing resourceDirectory C:\Users\Fox\workspace\RFID\claisseheinenmono\src\test\resources
2016-03-20 14:36:26,978 [Worker-16] INFO  o.e.m.i.launch.MavenLaunchDelegate - C:\Users\Fox\workspace\RFID\claisseheinenmono
2016-03-20 14:36:26,979 [Worker-16] INFO  o.e.m.i.launch.MavenLaunchDelegate -  mvn  -B install -D jetty.port=9999 jetty:run
2016-03-20 14:39:14,302 [Worker-43] INFO  o.e.m.c.i.embedder.EclipseLogger - Using 'UTF-8' encoding to copy filtered resources.
2016-03-20 14:39:14,302 [Worker-43] INFO  o.e.m.c.i.embedder.EclipseLogger - Copying 0 resource
2016-03-20 14:39:14,303 [Worker-43] INFO  o.e.m.c.i.embedder.EclipseLogger - Using 'UTF-8' encoding to copy filtered resources.
2016-03-20 14:39:14,303 [Worker-43] INFO  o.e.m.c.i.embedder.EclipseLogger - skip non existing resourceDirectory C:\Users\Fox\workspace\RFID\claisseheinenmono\src\test\resources
2016-03-20 14:39:15,320 [Worker-35] INFO  o.e.m.c.i.embedder.EclipseLogger - Using 'UTF-8' encoding to copy filtered resources.
2016-03-20 14:39:15,320 [Worker-35] INFO  o.e.m.c.i.embedder.EclipseLogger - Copying 0 resource
2016-03-20 14:39:15,321 [Worker-35] INFO  o.e.m.c.i.embedder.EclipseLogger - Using 'UTF-8' encoding to copy filtered resources.
2016-03-20 14:39:15,321 [Worker-35] INFO  o.e.m.c.i.embedder.EclipseLogger - skip non existing resourceDirectory C:\Users\Fox\workspace\RFID\claisseheinenmono\src\test\resources
2016-03-20 14:39:29,154 [Worker-44] INFO  o.e.m.c.i.embedder.EclipseLogger - Using 'UTF-8' encoding to copy filtered resources.
2016-03-20 14:39:29,155 [Worker-44] INFO  o.e.m.c.i.embedder.EclipseLogger - Copying 0 resource
2016-03-20 14:39:29,155 [Worker-44] INFO  o.e.m.c.i.embedder.EclipseLogger - Using 'UTF-8' encoding to copy filtered resources.
2016-03-20 14:39:29,155 [Worker-44] INFO  o.e.m.c.i.embedder.EclipseLogger - skip non existing resourceDirectory C:\Users\Fox\workspace\RFID\claisseheinenmono\src\test\resources
2016-03-20 14:39:39,859 [Worker-44] INFO  o.e.m.c.i.embedder.EclipseLogger - Using 'UTF-8' encoding to copy filtered resources.
2016-03-20 14:39:39,859 [Worker-44] INFO  o.e.m.c.i.embedder.EclipseLogger - Copying 0 resource
2016-03-20 14:39:39,860 [Worker-44] INFO  o.e.m.c.i.embedder.EclipseLogger - Using 'UTF-8' encoding to copy filtered resources.
2016-03-20 14:39:39,860 [Worker-44] INFO  o.e.m.c.i.embedder.EclipseLogger - skip non existing resourceDirectory C:\Users\Fox\workspace\RFID\claisseheinenmono\src\test\resources
2016-03-20 14:39:50,250 [Worker-44] INFO  o.e.m.c.i.embedder.EclipseLogger - Using 'UTF-8' encoding to copy filtered resources.
2016-03-20 14:39:50,250 [Worker-44] INFO  o.e.m.c.i.embedder.EclipseLogger - Copying 0 resource
2016-03-20 14:39:50,252 [Worker-44] INFO  o.e.m.c.i.embedder.EclipseLogger - Using 'UTF-8' encoding to copy filtered resources.
2016-03-20 14:39:50,252 [Worker-44] INFO  o.e.m.c.i.embedder.EclipseLogger - skip non existing resourceDirectory C:\Users\Fox\workspace\RFID\claisseheinenmono\src\test\resources
2016-03-20 14:39:52,288 [Worker-47] INFO  o.e.m.i.launch.MavenLaunchDelegate - C:\Users\Fox\workspace\RFID\claisseheinenmono
2016-03-20 14:39:52,288 [Worker-47] INFO  o.e.m.i.launch.MavenLaunchDelegate -  mvn  -B install -D jetty.port=9999 jetty:run
2016-03-20 14:40:45,736 [Worker-38] INFO  o.e.m.c.i.embedder.EclipseLogger - Using 'UTF-8' encoding to copy filtered resources.
2016-03-20 14:40:45,736 [Worker-38] INFO  o.e.m.c.i.embedder.EclipseLogger - Copying 0 resource
2016-03-20 14:40:45,737 [Worker-38] INFO  o.e.m.c.i.embedder.EclipseLogger - Using 'UTF-8' encoding to copy filtered resources.
2016-03-20 14:40:45,738 [Worker-38] INFO  o.e.m.c.i.embedder.EclipseLogger - skip non existing resourceDirectory C:\Users\Fox\workspace\RFID\claisseheinenmono\src\test\resources
2016-03-20 14:40:50,616 [Worker-45] INFO  o.e.m.c.i.embedder.EclipseLogger - Using 'UTF-8' encoding to copy filtered resources.
2016-03-20 14:40:50,616 [Worker-45] INFO  o.e.m.c.i.embedder.EclipseLogger - Copying 0 resource
2016-03-20 14:40:50,617 [Worker-45] INFO  o.e.m.c.i.embedder.EclipseLogger - Using 'UTF-8' encoding to copy filtered resources.
2016-03-20 14:40:50,617 [Worker-45] INFO  o.e.m.c.i.embedder.EclipseLogger - skip non existing resourceDirectory C:\Users\Fox\workspace\RFID\claisseheinenmono\src\test\resources
2016-03-20 14:41:07,418 [Worker-43] INFO  o.e.m.c.i.embedder.EclipseLogger - Using 'UTF-8' encoding to copy filtered resources.
2016-03-20 14:41:07,419 [Worker-43] INFO  o.e.m.c.i.embedder.EclipseLogger - Copying 0 resource
2016-03-20 14:41:07,419 [Worker-43] INFO  o.e.m.c.i.embedder.EclipseLogger - Using 'UTF-8' encoding to copy filtered resources.
2016-03-20 14:41:07,420 [Worker-43] INFO  o.e.m.c.i.embedder.EclipseLogger - skip non existing resourceDirectory C:\Users\Fox\workspace\RFID\claisseheinenmono\src\test\resources
2016-03-20 14:41:39,190 [Worker-38] INFO  o.e.m.c.i.embedder.EclipseLogger - Using 'UTF-8' encoding to copy filtered resources.
2016-03-20 14:41:39,190 [Worker-38] INFO  o.e.m.c.i.embedder.EclipseLogger - Copying 0 resource
2016-03-20 14:41:39,191 [Worker-38] INFO  o.e.m.c.i.embedder.EclipseLogger - Using 'UTF-8' encoding to copy filtered resources.
2016-03-20 14:41:39,191 [Worker-38] INFO  o.e.m.c.i.embedder.EclipseLogger - skip non existing resourceDirectory C:\Users\Fox\workspace\RFID\claisseheinenmono\src\test\resources
2016-03-20 14:41:54,824 [Worker-41] INFO  o.e.m.c.i.embedder.EclipseLogger - Using 'UTF-8' encoding to copy filtered resources.
2016-03-20 14:41:54,824 [Worker-41] INFO  o.e.m.c.i.embedder.EclipseLogger - Copying 0 resource
2016-03-20 14:41:54,825 [Worker-41] INFO  o.e.m.c.i.embedder.EclipseLogger - Using 'UTF-8' encoding to copy filtered resources.
2016-03-20 14:41:54,825 [Worker-41] INFO  o.e.m.c.i.embedder.EclipseLogger - skip non existing resourceDirectory C:\Users\Fox\workspace\RFID\claisseheinenmono\src\test\resources
2016-03-20 14:41:56,569 [Worker-43] INFO  o.e.m.c.i.embedder.EclipseLogger - Using 'UTF-8' encoding to copy filtered resources.
2016-03-20 14:41:56,569 [Worker-43] INFO  o.e.m.c.i.embedder.EclipseLogger - Copying 0 resource
2016-03-20 14:41:56,569 [Worker-43] INFO  o.e.m.c.i.embedder.EclipseLogger - Using 'UTF-8' encoding to copy filtered resources.
2016-03-20 14:41:56,570 [Worker-43] INFO  o.e.m.c.i.embedder.EclipseLogger - skip non existing resourceDirectory C:\Users\Fox\workspace\RFID\claisseheinenmono\src\test\resources
2016-03-20 14:41:59,341 [Worker-45] INFO  o.e.m.i.launch.MavenLaunchDelegate - C:\Users\Fox\workspace\RFID\claisseheinenmono
2016-03-20 14:41:59,341 [Worker-45] INFO  o.e.m.i.launch.MavenLaunchDelegate -  mvn  -B install -D jetty.port=9999 jetty:run
2016-03-20 14:42:41,979 [Worker-16] INFO  o.e.m.c.i.embedder.EclipseLogger - Using 'UTF-8' encoding to copy filtered resources.
2016-03-20 14:42:41,979 [Worker-16] INFO  o.e.m.c.i.embedder.EclipseLogger - Copying 0 resource
2016-03-20 14:42:41,980 [Worker-16] INFO  o.e.m.c.i.embedder.EclipseLogger - Using 'UTF-8' encoding to copy filtered resources.
2016-03-20 14:42:41,980 [Worker-16] INFO  o.e.m.c.i.embedder.EclipseLogger - skip non existing resourceDirectory C:\Users\Fox\workspace\RFID\claisseheinenmono\src\test\resources
2016-03-20 14:42:44,545 [Worker-47] INFO  o.e.m.c.i.embedder.EclipseLogger - Using 'UTF-8' encoding to copy filtered resources.
2016-03-20 14:42:44,545 [Worker-47] INFO  o.e.m.c.i.embedder.EclipseLogger - Copying 0 resource
2016-03-20 14:42:44,545 [Worker-47] INFO  o.e.m.c.i.embedder.EclipseLogger - Using 'UTF-8' encoding to copy filtered resources.
2016-03-20 14:42:44,546 [Worker-47] INFO  o.e.m.c.i.embedder.EclipseLogger - skip non existing resourceDirectory C:\Users\Fox\workspace\RFID\claisseheinenmono\src\test\resources
2016-03-20 14:42:53,935 [Worker-48] INFO  o.e.m.c.i.embedder.EclipseLogger - Using 'UTF-8' encoding to copy filtered resources.
2016-03-20 14:42:53,935 [Worker-48] INFO  o.e.m.c.i.embedder.EclipseLogger - Copying 0 resource
2016-03-20 14:42:53,936 [Worker-48] INFO  o.e.m.c.i.embedder.EclipseLogger - Using 'UTF-8' encoding to copy filtered resources.
2016-03-20 14:42:53,936 [Worker-48] INFO  o.e.m.c.i.embedder.EclipseLogger - skip non existing resourceDirectory C:\Users\Fox\workspace\RFID\claisseheinenmono\src\test\resources
2016-03-20 14:42:59,879 [Worker-45] INFO  o.e.m.c.i.embedder.EclipseLogger - Using 'UTF-8' encoding to copy filtered resources.
2016-03-20 14:42:59,880 [Worker-45] INFO  o.e.m.c.i.embedder.EclipseLogger - Copying 0 resource
2016-03-20 14:42:59,880 [Worker-45] INFO  o.e.m.c.i.embedder.EclipseLogger - Using 'UTF-8' encoding to copy filtered resources.
2016-03-20 14:42:59,881 [Worker-45] INFO  o.e.m.c.i.embedder.EclipseLogger - skip non existing resourceDirectory C:\Users\Fox\workspace\RFID\claisseheinenmono\src\test\resources
2016-03-20 14:43:20,840 [Worker-16] INFO  o.e.m.c.i.embedder.EclipseLogger - Using 'UTF-8' encoding to copy filtered resources.
2016-03-20 14:43:20,841 [Worker-16] INFO  o.e.m.c.i.embedder.EclipseLogger - Copying 0 resource
2016-03-20 14:43:20,841 [Worker-16] INFO  o.e.m.c.i.embedder.EclipseLogger - Using 'UTF-8' encoding to copy filtered resources.
2016-03-20 14:43:20,841 [Worker-16] INFO  o.e.m.c.i.embedder.EclipseLogger - skip non existing resourceDirectory C:\Users\Fox\workspace\RFID\claisseheinenmono\src\test\resources
2016-03-20 14:43:28,272 [Worker-41] INFO  o.e.m.c.i.embedder.EclipseLogger - Using 'UTF-8' encoding to copy filtered resources.
2016-03-20 14:43:28,273 [Worker-41] INFO  o.e.m.c.i.embedder.EclipseLogger - Copying 0 resource
2016-03-20 14:43:28,273 [Worker-41] INFO  o.e.m.c.i.embedder.EclipseLogger - Using 'UTF-8' encoding to copy filtered resources.
2016-03-20 14:43:28,273 [Worker-41] INFO  o.e.m.c.i.embedder.EclipseLogger - skip non existing resourceDirectory C:\Users\Fox\workspace\RFID\claisseheinenmono\src\test\resources
2016-03-20 14:43:30,781 [Worker-48] INFO  o.e.m.c.i.embedder.EclipseLogger - Using 'UTF-8' encoding to copy filtered resources.
2016-03-20 14:43:30,784 [Worker-48] INFO  o.e.m.c.i.embedder.EclipseLogger - Copying 0 resource
2016-03-20 14:43:30,785 [Worker-48] INFO  o.e.m.c.i.embedder.EclipseLogger - Using 'UTF-8' encoding to copy filtered resources.
2016-03-20 14:43:30,785 [Worker-48] INFO  o.e.m.c.i.embedder.EclipseLogger - skip non existing resourceDirectory C:\Users\Fox\workspace\RFID\claisseheinenmono\src\test\resources
2016-03-20 14:43:42,047 [Worker-45] INFO  o.e.m.c.i.embedder.EclipseLogger - Using 'UTF-8' encoding to copy filtered resources.
2016-03-20 14:43:42,048 [Worker-45] INFO  o.e.m.c.i.embedder.EclipseLogger - Copying 0 resource
2016-03-20 14:43:42,049 [Worker-45] INFO  o.e.m.c.i.embedder.EclipseLogger - Using 'UTF-8' encoding to copy filtered resources.
2016-03-20 14:43:42,049 [Worker-45] INFO  o.e.m.c.i.embedder.EclipseLogger - skip non existing resourceDirectory C:\Users\Fox\workspace\RFID\claisseheinenmono\src\test\resources
2016-03-20 14:43:52,425 [Worker-41] INFO  o.e.m.c.i.embedder.EclipseLogger - Using 'UTF-8' encoding to copy filtered resources.
2016-03-20 14:43:52,425 [Worker-41] INFO  o.e.m.c.i.embedder.EclipseLogger - Copying 0 resource
2016-03-20 14:43:52,426 [Worker-41] INFO  o.e.m.c.i.embedder.EclipseLogger - Using 'UTF-8' encoding to copy filtered resources.
2016-03-20 14:43:52,426 [Worker-41] INFO  o.e.m.c.i.embedder.EclipseLogger - skip non existing resourceDirectory C:\Users\Fox\workspace\RFID\claisseheinenmono\src\test\resources
2016-03-20 14:44:02,425 [Worker-48] INFO  o.e.m.c.i.embedder.EclipseLogger - Using 'UTF-8' encoding to copy filtered resources.
2016-03-20 14:44:02,425 [Worker-48] INFO  o.e.m.c.i.embedder.EclipseLogger - Copying 0 resource
2016-03-20 14:44:02,425 [Worker-48] INFO  o.e.m.c.i.embedder.EclipseLogger - Using 'UTF-8' encoding to copy filtered resources.
2016-03-20 14:44:02,426 [Worker-48] INFO  o.e.m.c.i.embedder.EclipseLogger - skip non existing resourceDirectory C:\Users\Fox\workspace\RFID\claisseheinenmono\src\test\resources
2016-03-20 14:44:12,611 [Worker-41] INFO  o.e.m.i.launch.MavenLaunchDelegate - C:\Users\Fox\workspace\RFID\claisseheinenmono
2016-03-20 14:44:12,611 [Worker-41] INFO  o.e.m.i.launch.MavenLaunchDelegate -  mvn  -B install -D jetty.port=9999 jetty:run
2016-03-20 14:44:44,249 [Worker-48] INFO  o.e.m.c.i.embedder.EclipseLogger - Using 'UTF-8' encoding to copy filtered resources.
2016-03-20 14:44:44,249 [Worker-48] INFO  o.e.m.c.i.embedder.EclipseLogger - Copying 1 resource
2016-03-20 14:44:44,250 [Worker-48] INFO  o.e.m.c.i.embedder.EclipseLogger - Using 'UTF-8' encoding to copy filtered resources.
2016-03-20 14:44:44,250 [Worker-48] INFO  o.e.m.c.i.embedder.EclipseLogger - skip non existing resourceDirectory C:\Users\Fox\workspace\RFID\claisseheinenmono\src\test\resources
2016-03-20 14:45:07,689 [Worker-44] INFO  o.e.m.i.launch.MavenLaunchDelegate - C:\Users\Fox\workspace\RFID\claisseheinenmono
2016-03-20 14:45:07,689 [Worker-44] INFO  o.e.m.i.launch.MavenLaunchDelegate -  mvn  -B install -D jetty.port=9999 jetty:run
2016-03-20 14:46:20,938 [Worker-41] INFO  o.e.m.c.i.embedder.EclipseLogger - Using 'UTF-8' encoding to copy filtered resources.
2016-03-20 14:46:20,938 [Worker-41] INFO  o.e.m.c.i.embedder.EclipseLogger - Copying 0 resource
2016-03-20 14:46:20,939 [Worker-41] INFO  o.e.m.c.i.embedder.EclipseLogger - Using 'UTF-8' encoding to copy filtered resources.
2016-03-20 14:46:20,939 [Worker-41] INFO  o.e.m.c.i.embedder.EclipseLogger - skip non existing resourceDirectory C:\Users\Fox\workspace\RFID\claisseheinenmono\src\test\resources
2016-03-20 14:46:30,135 [Worker-47] INFO  o.e.m.i.launch.MavenLaunchDelegate - C:\Users\Fox\workspace\RFID\claisseheinenmono
2016-03-20 14:46:30,136 [Worker-47] INFO  o.e.m.i.launch.MavenLaunchDelegate -  mvn  -B install -D jetty.port=9999 jetty:run
2016-03-20 14:46:55,522 [Worker-38] INFO  o.e.m.c.i.embedder.EclipseLogger - Using 'UTF-8' encoding to copy filtered resources.
2016-03-20 14:46:55,523 [Worker-38] INFO  o.e.m.c.i.embedder.EclipseLogger - Copying 0 resource
2016-03-20 14:46:55,523 [Worker-38] INFO  o.e.m.c.i.embedder.EclipseLogger - Using 'UTF-8' encoding to copy filtered resources.
2016-03-20 14:46:55,523 [Worker-38] INFO  o.e.m.c.i.embedder.EclipseLogger - skip non existing resourceDirectory C:\Users\Fox\workspace\RFID\claisseheinenmono\src\test\resources
2016-03-20 14:47:01,114 [Worker-49] INFO  o.e.m.c.i.embedder.EclipseLogger - Using 'UTF-8' encoding to copy filtered resources.
2016-03-20 14:47:01,114 [Worker-49] INFO  o.e.m.c.i.embedder.EclipseLogger - Copying 0 resource
2016-03-20 14:47:01,115 [Worker-49] INFO  o.e.m.c.i.embedder.EclipseLogger - Using 'UTF-8' encoding to copy filtered resources.
2016-03-20 14:47:01,115 [Worker-49] INFO  o.e.m.c.i.embedder.EclipseLogger - skip non existing resourceDirectory C:\Users\Fox\workspace\RFID\claisseheinenmono\src\test\resources
2016-03-20 14:47:04,839 [Worker-48] INFO  o.e.m.i.launch.MavenLaunchDelegate - C:\Users\Fox\workspace\RFID\claisseheinenmono
2016-03-20 14:47:04,840 [Worker-48] INFO  o.e.m.i.launch.MavenLaunchDelegate -  mvn  -B install
2016-03-20 14:47:07,299 [Worker-45] INFO  o.e.m.c.i.embedder.EclipseLogger - Using 'UTF-8' encoding to copy filtered resources.
2016-03-20 14:47:07,299 [Worker-45] INFO  o.e.m.c.i.embedder.EclipseLogger - Copying 0 resource
2016-03-20 14:47:07,300 [Worker-45] INFO  o.e.m.c.i.embedder.EclipseLogger - Using 'UTF-8' encoding to copy filtered resources.
2016-03-20 14:47:07,300 [Worker-45] INFO  o.e.m.c.i.embedder.EclipseLogger - skip non existing resourceDirectory C:\Users\Fox\workspace\RFID\claisseheinenmono\src\test\resources
2016-03-20 14:47:47,397 [Worker-16] INFO  o.e.m.c.i.embedder.EclipseLogger - Using 'UTF-8' encoding to copy filtered resources.
2016-03-20 14:47:47,397 [Worker-16] INFO  o.e.m.c.i.embedder.EclipseLogger - Copying 0 resource
2016-03-20 14:47:47,398 [Worker-16] INFO  o.e.m.c.i.embedder.EclipseLogger - Using 'UTF-8' encoding to copy filtered resources.
2016-03-20 14:47:47,398 [Worker-16] INFO  o.e.m.c.i.embedder.EclipseLogger - skip non existing resourceDirectory C:\Users\Fox\workspace\RFID\claisseheinenmono\src\test\resources
2016-03-20 14:48:17,258 [Worker-50] INFO  o.e.m.c.i.embedder.EclipseLogger - Using 'UTF-8' encoding to copy filtered resources.
2016-03-20 14:48:17,259 [Worker-50] INFO  o.e.m.c.i.embedder.EclipseLogger - Copying 0 resource
2016-03-20 14:48:17,259 [Worker-50] INFO  o.e.m.c.i.embedder.EclipseLogger - Using 'UTF-8' encoding to copy filtered resources.
2016-03-20 14:48:17,259 [Worker-50] INFO  o.e.m.c.i.embedder.EclipseLogger - skip non existing resourceDirectory C:\Users\Fox\workspace\RFID\claisseheinenmono\src\test\resources
2016-03-20 14:48:18,436 [Worker-50] INFO  o.e.m.c.i.embedder.EclipseLogger - Using 'UTF-8' encoding to copy filtered resources.
2016-03-20 14:48:18,437 [Worker-50] INFO  o.e.m.c.i.embedder.EclipseLogger - Copying 1 resource
2016-03-20 14:48:18,438 [Worker-50] INFO  o.e.m.c.i.embedder.EclipseLogger - Using 'UTF-8' encoding to copy filtered resources.
2016-03-20 14:48:18,439 [Worker-50] INFO  o.e.m.c.i.embedder.EclipseLogger - skip non existing resourceDirectory C:\Users\Fox\workspace\RFID\claisseheinenmono\src\test\resources
2016-03-20 14:48:59,271 [Worker-47] INFO  o.e.m.c.i.l.LifecycleMappingFactory - Using org.eclipse.m2e.jdt.JarLifecycleMapping lifecycle mapping for MavenProject: claisseheinenmono:RFID:1.0.1-SNAPSHOT @ C:\Users\Fox\workspace\RFID\claisseheinenmono\pom.xml.
2016-03-20 14:48:59,502 [Worker-47] INFO  o.e.m.c.i.embedder.EclipseLogger - Using 'ISO-8859-1' encoding to copy filtered resources.
2016-03-20 14:48:59,503 [Worker-47] INFO  o.e.m.c.i.embedder.EclipseLogger - Copying 0 resource
2016-03-20 14:48:59,504 [Worker-47] INFO  o.e.m.c.i.embedder.EclipseLogger - Using 'ISO-8859-1' encoding to copy filtered resources.
2016-03-20 14:48:59,504 [Worker-47] INFO  o.e.m.c.i.embedder.EclipseLogger - skip non existing resourceDirectory C:\Users\Fox\workspace\RFID\claisseheinenmono\src\test\resources
2016-03-20 14:50:18,288 [Worker-35] INFO  o.e.m.i.launch.MavenLaunchDelegate - C:\Users\Fox\workspace\RFID\claisseheinenmono
2016-03-20 14:50:18,288 [Worker-35] INFO  o.e.m.i.launch.MavenLaunchDelegate -  mvn  -B install -D jetty.port=9999 jetty:run
2016-03-20 14:50:18,490 [Worker-41] INFO  o.e.m.c.i.embedder.EclipseLogger - Using 'ISO-8859-1' encoding to copy filtered resources.
2016-03-20 14:50:18,490 [Worker-41] INFO  o.e.m.c.i.embedder.EclipseLogger - Copying 0 resource
2016-03-20 14:50:18,491 [Worker-41] INFO  o.e.m.c.i.embedder.EclipseLogger - Using 'ISO-8859-1' encoding to copy filtered resources.
2016-03-20 14:50:18,491 [Worker-41] INFO  o.e.m.c.i.embedder.EclipseLogger - skip non existing resourceDirectory C:\Users\Fox\workspace\RFID\claisseheinenmono\src\test\resources
2016-03-20 14:51:41,912 [Worker-49] INFO  o.e.m.c.i.embedder.EclipseLogger - Using 'ISO-8859-1' encoding to copy filtered resources.
2016-03-20 14:51:41,912 [Worker-49] INFO  o.e.m.c.i.embedder.EclipseLogger - Copying 0 resource
2016-03-20 14:51:41,913 [Worker-49] INFO  o.e.m.c.i.embedder.EclipseLogger - Using 'ISO-8859-1' encoding to copy filtered resources.
2016-03-20 14:51:41,913 [Worker-49] INFO  o.e.m.c.i.embedder.EclipseLogger - skip non existing resourceDirectory C:\Users\Fox\workspace\RFID\claisseheinenmono\src\test\resources
2016-03-20 14:51:55,324 [Worker-51] INFO  o.e.m.i.launch.MavenLaunchDelegate - C:\Users\Fox\workspace\RFID\claisseheinenmono
2016-03-20 14:51:55,325 [Worker-51] INFO  o.e.m.i.launch.MavenLaunchDelegate -  mvn  -B install
2016-03-20 14:51:58,016 [Worker-16] INFO  o.e.m.c.i.embedder.EclipseLogger - Using 'ISO-8859-1' encoding to copy filtered resources.
2016-03-20 14:51:58,016 [Worker-16] INFO  o.e.m.c.i.embedder.EclipseLogger - Copying 0 resource
2016-03-20 14:51:58,017 [Worker-16] INFO  o.e.m.c.i.embedder.EclipseLogger - Using 'ISO-8859-1' encoding to copy filtered resources.
2016-03-20 14:51:58,017 [Worker-16] INFO  o.e.m.c.i.embedder.EclipseLogger - skip non existing resourceDirectory C:\Users\Fox\workspace\RFID\claisseheinenmono\src\test\resources
2016-03-20 14:52:02,190 [main] INFO  o.e.m2e.actions.ExecutePomAction - Using existing launch configuration
2016-03-20 14:52:02,285 [Worker-49] INFO  o.e.m.i.launch.MavenLaunchDelegate - C:\Users\Fox\workspace\RFID\claisseheinenmono
2016-03-20 14:52:02,285 [Worker-49] INFO  o.e.m.i.launch.MavenLaunchDelegate -  mvn  -B install -D jetty.port=9999 jetty:run
2016-03-20 14:52:08,319 [Worker-16] INFO  o.e.m.i.launch.MavenLaunchDelegate - C:\Users\Fox\workspace\RFID\claisseheinenmono
2016-03-20 14:52:08,319 [Worker-16] INFO  o.e.m.i.launch.MavenLaunchDelegate -  mvn  -B install -D jetty.port=9999 jetty:run
2016-03-20 14:53:05,151 [Worker-48] INFO  o.e.m.c.i.embedder.EclipseLogger - Using 'ISO-8859-1' encoding to copy filtered resources.
2016-03-20 14:53:05,152 [Worker-48] INFO  o.e.m.c.i.embedder.EclipseLogger - Copying 0 resource
2016-03-20 14:53:05,153 [Worker-48] INFO  o.e.m.c.i.embedder.EclipseLogger - Using 'ISO-8859-1' encoding to copy filtered resources.
2016-03-20 14:53:05,153 [Worker-48] INFO  o.e.m.c.i.embedder.EclipseLogger - skip non existing resourceDirectory C:\Users\Fox\workspace\RFID\claisseheinenmono\src\test\resources
2016-03-20 14:53:17,701 [Worker-43] INFO  o.e.m.c.i.embedder.EclipseLogger - Using 'ISO-8859-1' encoding to copy filtered resources.
2016-03-20 14:53:17,701 [Worker-43] INFO  o.e.m.c.i.embedder.EclipseLogger - Copying 0 resource
2016-03-20 14:53:17,702 [Worker-43] INFO  o.e.m.c.i.embedder.EclipseLogger - Using 'ISO-8859-1' encoding to copy filtered resources.
2016-03-20 14:53:17,702 [Worker-43] INFO  o.e.m.c.i.embedder.EclipseLogger - skip non existing resourceDirectory C:\Users\Fox\workspace\RFID\claisseheinenmono\src\test\resources
2016-03-20 14:53:54,955 [Worker-35] INFO  o.e.m.c.i.embedder.EclipseLogger - Using 'ISO-8859-1' encoding to copy filtered resources.
2016-03-20 14:53:54,955 [Worker-35] INFO  o.e.m.c.i.embedder.EclipseLogger - Copying 0 resource
2016-03-20 14:53:54,957 [Worker-35] INFO  o.e.m.c.i.embedder.EclipseLogger - Using 'ISO-8859-1' encoding to copy filtered resources.
2016-03-20 14:53:54,957 [Worker-35] INFO  o.e.m.c.i.embedder.EclipseLogger - skip non existing resourceDirectory C:\Users\Fox\workspace\RFID\claisseheinenmono\src\test\resources
2016-03-20 14:54:07,729 [Worker-49] INFO  o.e.m.c.i.embedder.EclipseLogger - Using 'ISO-8859-1' encoding to copy filtered resources.
2016-03-20 14:54:07,730 [Worker-49] INFO  o.e.m.c.i.embedder.EclipseLogger - Copying 0 resource
2016-03-20 14:54:07,732 [Worker-49] INFO  o.e.m.c.i.embedder.EclipseLogger - Using 'ISO-8859-1' encoding to copy filtered resources.
2016-03-20 14:54:07,732 [Worker-49] INFO  o.e.m.c.i.embedder.EclipseLogger - skip non existing resourceDirectory C:\Users\Fox\workspace\RFID\claisseheinenmono\src\test\resources
2016-03-20 14:54:16,142 [Worker-49] INFO  o.e.m.c.i.embedder.EclipseLogger - Using 'ISO-8859-1' encoding to copy filtered resources.
2016-03-20 14:54:16,143 [Worker-49] INFO  o.e.m.c.i.embedder.EclipseLogger - Copying 0 resource
2016-03-20 14:54:16,143 [Worker-49] INFO  o.e.m.c.i.embedder.EclipseLogger - Using 'ISO-8859-1' encoding to copy filtered resources.
2016-03-20 14:54:16,143 [Worker-49] INFO  o.e.m.c.i.embedder.EclipseLogger - skip non existing resourceDirectory C:\Users\Fox\workspace\RFID\claisseheinenmono\src\test\resources
2016-03-20 14:54:22,639 [Worker-41] INFO  o.e.m.c.i.embedder.EclipseLogger - Using 'ISO-8859-1' encoding to copy filtered resources.
2016-03-20 14:54:22,640 [Worker-41] INFO  o.e.m.c.i.embedder.EclipseLogger - Copying 0 resource
2016-03-20 14:54:22,641 [Worker-41] INFO  o.e.m.c.i.embedder.EclipseLogger - Using 'ISO-8859-1' encoding to copy filtered resources.
2016-03-20 14:54:22,641 [Worker-41] INFO  o.e.m.c.i.embedder.EclipseLogger - skip non existing resourceDirectory C:\Users\Fox\workspace\RFID\claisseheinenmono\src\test\resources
2016-03-20 14:54:35,431 [Worker-52] INFO  o.e.m.i.launch.MavenLaunchDelegate - C:\Users\Fox\workspace\RFID\claisseheinenmono
2016-03-20 14:54:35,431 [Worker-52] INFO  o.e.m.i.launch.MavenLaunchDelegate -  mvn  -B install
2016-03-20 14:54:37,951 [Worker-47] INFO  o.e.m.c.i.embedder.EclipseLogger - Using 'ISO-8859-1' encoding to copy filtered resources.
2016-03-20 14:54:37,952 [Worker-47] INFO  o.e.m.c.i.embedder.EclipseLogger - Copying 0 resource
2016-03-20 14:54:37,952 [Worker-47] INFO  o.e.m.c.i.embedder.EclipseLogger - Using 'ISO-8859-1' encoding to copy filtered resources.
2016-03-20 14:54:37,952 [Worker-47] INFO  o.e.m.c.i.embedder.EclipseLogger - skip non existing resourceDirectory C:\Users\Fox\workspace\RFID\claisseheinenmono\src\test\resources
2016-03-20 14:54:42,843 [Worker-35] INFO  o.e.m.i.launch.MavenLaunchDelegate - C:\Users\Fox\workspace\RFID\claisseheinenmono
2016-03-20 14:54:42,844 [Worker-35] INFO  o.e.m.i.launch.MavenLaunchDelegate -  mvn  -B install
2016-03-20 14:54:45,372 [Worker-48] INFO  o.e.m.c.i.embedder.EclipseLogger - Using 'ISO-8859-1' encoding to copy filtered resources.
2016-03-20 14:54:45,372 [Worker-48] INFO  o.e.m.c.i.embedder.EclipseLogger - Copying 0 resource
2016-03-20 14:54:45,373 [Worker-48] INFO  o.e.m.c.i.embedder.EclipseLogger - Using 'ISO-8859-1' encoding to copy filtered resources.
2016-03-20 14:54:45,373 [Worker-48] INFO  o.e.m.c.i.embedder.EclipseLogger - skip non existing resourceDirectory C:\Users\Fox\workspace\RFID\claisseheinenmono\src\test\resources
2016-03-20 14:54:56,364 [Worker-53] INFO  o.e.m.i.launch.MavenLaunchDelegate - C:\Users\Fox\workspace\RFID\claisseheinenmono
2016-03-20 14:54:56,365 [Worker-53] INFO  o.e.m.i.launch.MavenLaunchDelegate -  mvn  -B install -D jetty.port=9999 jetty:run
2016-03-20 14:55:10,291 [Worker-47] INFO  o.e.m.c.i.embedder.EclipseLogger - Using 'ISO-8859-1' encoding to copy filtered resources.
2016-03-20 14:55:10,292 [Worker-47] INFO  o.e.m.c.i.embedder.EclipseLogger - Copying 0 resource
2016-03-20 14:55:10,293 [Worker-47] INFO  o.e.m.c.i.embedder.EclipseLogger - Using 'ISO-8859-1' encoding to copy filtered resources.
2016-03-20 14:55:10,293 [Worker-47] INFO  o.e.m.c.i.embedder.EclipseLogger - skip non existing resourceDirectory C:\Users\Fox\workspace\RFID\claisseheinenmono\src\test\resources
2016-03-20 14:56:27,353 [Worker-1] INFO  o.e.m.c.i.embedder.EclipseLogger - Using 'ISO-8859-1' encoding to copy filtered resources.
2016-03-20 14:56:27,360 [Worker-1] INFO  o.e.m.c.i.embedder.EclipseLogger - Copying 1 resource
2016-03-20 14:56:27,368 [Worker-1] INFO  o.e.m.c.i.embedder.EclipseLogger - Using 'ISO-8859-1' encoding to copy filtered resources.
2016-03-20 14:56:27,369 [Worker-1] INFO  o.e.m.c.i.embedder.EclipseLogger - skip non existing resourceDirectory C:\Users\Fox\workspace\RFID\claisseheinenmono\src\test\resources
